2021-03-27 10:55:09,136 :INFO : test_add_customer :Navigated to the Add Customer URL:https://admin-demo.nopcommerce.com/Admin/Customer/List
2021-03-27 10:55:12,274 :INFO : test_add_customer :Enter the Customer Details
2021-03-27 10:55:13,344 :INFO : test_add_customer :Length of this List:,7
2021-03-27 10:55:13,364 :INFO : test_add_customer :
2021-03-27 10:55:13,387 :INFO : test_add_customer :
2021-03-27 10:55:13,412 :INFO : test_add_customer :Administrators
2021-03-27 10:55:13,437 :INFO : test_add_customer :Forum Moderators
2021-03-27 10:55:13,462 :INFO : test_add_customer :Guests
2021-03-27 10:55:13,485 :INFO : test_add_customer :Registered
2021-03-27 10:55:13,508 :INFO : test_add_customer :Vendors
2021-03-27 10:55:15,656 :INFO : test_add_customer :×
The new customer has been added successfully.
2021-03-27 10:55:15,656 :INFO : test_add_customer :*******************Test Case Passed**********
2021-03-27 10:55:16,949 :INFO : test_add_customer :Navigated to the Add Customer URL:https://admin-demo.nopcommerce.com/Admin/Customer/List
2021-03-27 10:55:16,949 :INFO : test_add_customer :Navigated to the Add Customer URL:https://admin-demo.nopcommerce.com/Admin/Customer/List
2021-03-27 10:55:18,954 :INFO : test_add_customer :Enter the Customer Details
2021-03-27 10:55:18,954 :INFO : test_add_customer :Enter the Customer Details
2021-03-27 10:55:19,836 :INFO : test_add_customer :Length of this List:,7
2021-03-27 10:55:19,836 :INFO : test_add_customer :Length of this List:,7
2021-03-27 10:55:19,851 :INFO : test_add_customer :
2021-03-27 10:55:19,851 :INFO : test_add_customer :
2021-03-27 10:55:19,873 :INFO : test_add_customer :
2021-03-27 10:55:19,873 :INFO : test_add_customer :
2021-03-27 10:55:19,895 :INFO : test_add_customer :Administrators
2021-03-27 10:55:19,895 :INFO : test_add_customer :Administrators
2021-03-27 10:55:19,919 :INFO : test_add_customer :Forum Moderators
2021-03-27 10:55:19,919 :INFO : test_add_customer :Forum Moderators
2021-03-27 10:55:19,941 :INFO : test_add_customer :Guests
2021-03-27 10:55:19,941 :INFO : test_add_customer :Guests
2021-03-27 10:55:19,965 :INFO : test_add_customer :Registered
2021-03-27 10:55:19,965 :INFO : test_add_customer :Registered
2021-03-27 10:55:19,988 :INFO : test_add_customer :Vendors
2021-03-27 10:55:19,988 :INFO : test_add_customer :Vendors
2021-03-27 10:55:22,628 :INFO : test_add_customer :×
The new customer has been added successfully.
2021-03-27 10:55:22,628 :INFO : test_add_customer :×
The new customer has been added successfully.
2021-03-27 10:55:22,629 :INFO : test_add_customer :*******************Test Case Passed**********
2021-03-27 10:55:22,629 :INFO : test_add_customer :*******************Test Case Passed**********
