2021-03-21 15:20:24,405 :INFO : test_valid_user_credentials :Navigated to the Base URL:https://admin-demo.nopcommerce.com/login?ReturnUrl=%2Fadmin%2F
2021-03-21 15:20:24,563 :INFO : test_valid_user_credentials :user has entered email: admin@yourstore.com
2021-03-21 15:20:24,701 :INFO : test_valid_user_credentials :user has entered password: admin
2021-03-21 15:20:30,619 :INFO : test_valid_user_credentials :User Clicks On Submit Button
2021-03-21 15:20:30,736 :INFO : test_valid_user_credentials :*************Login ! Successful**************
2021-03-21 15:20:33,265 :INFO : test_valid_user_credentials :***********Logout! Successful*********************
2021-03-21 15:24:25,054 :INFO : test_valid_user_credentials :Navigated to the Base URL:https://admin-demo.nopcommerce.com/login?ReturnUrl=%2Fadmin%2F
2021-03-21 15:24:25,272 :INFO : test_valid_user_credentials :user has entered email: admin@yourstore.com
2021-03-21 15:24:25,440 :INFO : test_valid_user_credentials :user has entered password: admin
2021-03-21 15:24:31,422 :INFO : test_valid_user_credentials :User Clicks On Submit Button
2021-03-21 15:24:31,457 :INFO : test_valid_user_credentials :*************Login ! Successful**************
2021-03-21 15:24:36,125 :INFO : test_valid_user_credentials :***********Logout! Successful*********************
2021-03-21 15:26:04,473 :INFO : test_valid_user_credentials :Navigated to the Base URL:https://admin-demo.nopcommerce.com/login?ReturnUrl=%2Fadmin%2F
2021-03-21 15:26:04,634 :INFO : test_valid_user_credentials :user has entered email: admin@yourstore.com
2021-03-21 15:26:04,810 :INFO : test_valid_user_credentials :user has entered password: admin
2021-03-21 15:26:11,154 :INFO : test_valid_user_credentials :User Clicks On Submit Button
2021-03-21 15:26:11,175 :INFO : test_valid_user_credentials :*************Login ! Successful**************
2021-03-21 15:26:15,106 :INFO : test_valid_user_credentials :***********Logout! Successful*********************
2021-03-21 15:29:48,950 :INFO : test_valid_user_credentials :Navigated to the Base URL:https://admin-demo.nopcommerce.com/login?ReturnUrl=%2Fadmin%2F
2021-03-21 15:29:49,173 :INFO : test_valid_user_credentials :user has entered email: admin@yourstore.com
2021-03-21 15:29:49,358 :INFO : test_valid_user_credentials :user has entered password: admin
2021-03-21 15:29:56,123 :INFO : test_valid_user_credentials :User Clicks On Submit Button
2021-03-21 15:29:56,184 :INFO : test_valid_user_credentials :*************Login ! Successful**************
2021-03-21 15:30:00,362 :INFO : test_valid_user_credentials :***********Logout! Successful*********************
2021-03-21 15:31:31,718 :INFO : test_valid_user_credentials :Navigated to the Base URL:https://admin-demo.nopcommerce.com/login?ReturnUrl=%2Fadmin%2F
2021-03-21 15:31:31,869 :INFO : test_valid_user_credentials :user has entered email: admin@yourstore.com
2021-03-21 15:31:31,998 :INFO : test_valid_user_credentials :user has entered password: admin
2021-03-21 15:31:37,729 :INFO : test_valid_user_credentials :User Clicks On Submit Button
2021-03-21 15:31:37,780 :INFO : test_valid_user_credentials :*************Login ! Successful**************
2021-03-21 15:31:40,330 :INFO : test_valid_user_credentials :***********Logout! Successful*********************
2021-03-21 15:50:17,511 :INFO : test_valid_user_credentials :Navigated to the Base URL:https://admin-demo.nopcommerce.com/login?ReturnUrl=%2Fadmin%2F
2021-03-21 15:50:17,678 :INFO : test_valid_user_credentials :user has entered email: admin@yourstore.com
2021-03-21 15:50:17,805 :INFO : test_valid_user_credentials :user has entered password: admin
2021-03-21 15:50:24,909 :INFO : test_valid_user_credentials :User Clicks On Submit Button
2021-03-21 15:50:24,919 :INFO : test_valid_user_credentials :*************Login ! Successful**************
2021-03-21 15:50:29,952 :INFO : test_valid_user_credentials :***********Logout! Successful*********************
2021-03-21 15:50:29,961 :INFO : test_valid_user_credentials :****************Test Case Passed**************
